[I 2025-01-19 20:44:08.318 ServerApp] jupyter_lsp | extension was successfully linked.
[I 2025-01-19 20:44:08.322 ServerApp] jupyter_server_terminals | extension was successfully linked.
[W 2025-01-19 20:44:08.323 LabApp] 'token' has moved from NotebookApp to ServerApp. This config will be passed to ServerApp. Be sure to update your config before our next release.
[W 2025-01-19 20:44:08.326 ServerApp] ServerApp.token config is deprecated in 2.0. Use IdentityProvider.token.
[I 2025-01-19 20:44:08.326 ServerApp] jupyterlab | extension was successfully linked.
[I 2025-01-19 20:44:08.329 ServerApp] notebook | extension was successfully linked.
[I 2025-01-19 20:44:08.622 ServerApp] notebook_shim | extension was successfully linked.
[W 2025-01-19 20:44:08.646 ServerApp] All authentication is disabled.  Anyone who can connect to this server will be able to run code.
[I 2025-01-19 20:44:08.647 ServerApp] notebook_shim | extension was successfully loaded.
[I 2025-01-19 20:44:08.649 ServerApp] jupyter_lsp | extension was successfully loaded.
[I 2025-01-19 20:44:08.650 ServerApp] jupyter_server_terminals | extension was successfully loaded.
[I 2025-01-19 20:44:08.655 LabApp] JupyterLab extension loaded from /usr/local/lib/python3.10/dist-packages/jupyterlab
[I 2025-01-19 20:44:08.655 LabApp] JupyterLab application directory is /usr/local/share/jupyter/lab
[I 2025-01-19 20:44:08.656 LabApp] Extension Manager is 'pypi'.
[I 2025-01-19 20:44:08.696 ServerApp] jupyterlab | extension was successfully loaded.
[I 2025-01-19 20:44:08.698 ServerApp] notebook | extension was successfully loaded.
[I 2025-01-19 20:44:08.699 ServerApp] Serving notebooks from local directory: /app
[I 2025-01-19 20:44:08.699 ServerApp] Jupyter Server 2.14.2 is running at:
[I 2025-01-19 20:44:08.699 ServerApp] http://d2507520ef4c:8888/tree
[I 2025-01-19 20:44:08.699 ServerApp]     http://127.0.0.1:8888/tree
[I 2025-01-19 20:44:08.700 ServerApp] Use Control-C to stop this server and shut down all kernels (twice to skip confirmation).
[I 2025-01-19 20:44:08.713 ServerApp] Skipped non-installed server(s): bash-language-server, dockerfile-language-server-nodejs, javascript-typescript-langserver, jedi-language-server, julia-language-server, pyright, python-language-server, python-lsp-server, r-languageserver, sql-language-server, texlab, typescript-language-server, unified-language-server, vscode-css-languageserver-bin, vscode-html-languageserver-bin, vscode-json-languageserver-bin, yaml-language-server
[W 2025-01-19 20:44:15.663 ServerApp] 404 GET /hub/api (6bda76ce067242ec8a180c68dd619a45@172.17.0.1) 15.04ms referer=None
[I 2025-01-19 20:44:15.666 ServerApp] 302 GET / (@172.17.0.1) 0.24ms
[W 2025-01-19 20:44:15.687 ServerApp] 404 GET /login? (92ae6ff8cc6541dd8303189df9e3864a@172.17.0.1) 0.92ms referer=None
[I 2025-01-19 20:44:21.254 ServerApp] Kernel started: 7379b9ac-653e-4450-8f39-33757cb59867
[I 2025-01-19 20:44:21.625 ServerApp] Connecting to kernel 7379b9ac-653e-4450-8f39-33757cb59867.
[W 2025-01-19 20:44:22.273 ServerApp] 404 GET /nbextensions/jupyter-js-widgets/extension.js (6858a41f0704437d872ff41e22a4a726@172.17.0.1) 1.14ms referer=None
[W 2025-01-19 20:44:22.275 ServerApp] 404 GET /nbextensions/jupyter-js-widgets/extension.js (3b1cb15a32ef46ada7087fae1547b9cb@172.17.0.1) 2.94ms referer=None
[I 2025-01-19 20:47:23.490 ServerApp] Kernel restarted: 7379b9ac-653e-4450-8f39-33757cb59867
[I 2025-01-19 20:47:23.494 ServerApp] Starting buffering for 7379b9ac-653e-4450-8f39-33757cb59867:76ae92b0-8003-4895-8b2b-5cc9560ff7d2
[I 2025-01-19 20:47:23.498 ServerApp] Connecting to kernel 7379b9ac-653e-4450-8f39-33757cb59867.
[I 2025-01-19 20:47:23.498 ServerApp] Restoring connection for 7379b9ac-653e-4450-8f39-33757cb59867:76ae92b0-8003-4895-8b2b-5cc9560ff7d2
[I 2025-01-19 21:34:58.159 ServerApp] Kernel interrupted: 7379b9ac-653e-4450-8f39-33757cb59867
[I 2025-01-19 21:36:32.998 ServerApp] Kernel interrupted: 7379b9ac-653e-4450-8f39-33757cb59867
[I 2025-01-19 21:36:49.319 ServerApp] Kernel interrupted: 7379b9ac-653e-4450-8f39-33757cb59867
[I 2025-01-19 21:50:28.423 ServerApp] Kernel interrupted: 7379b9ac-653e-4450-8f39-33757cb59867
[I 2025-01-20 19:59:16.596 ServerApp] Kernel restarted: 7379b9ac-653e-4450-8f39-33757cb59867
[I 2025-01-20 19:59:16.601 ServerApp] Starting buffering for 7379b9ac-653e-4450-8f39-33757cb59867:76ae92b0-8003-4895-8b2b-5cc9560ff7d2
[I 2025-01-20 19:59:16.605 ServerApp] Connecting to kernel 7379b9ac-653e-4450-8f39-33757cb59867.
[I 2025-01-20 19:59:16.605 ServerApp] Restoring connection for 7379b9ac-653e-4450-8f39-33757cb59867:76ae92b0-8003-4895-8b2b-5cc9560ff7d2
